<?xml version="1.0" encoding="UTF-8"?>
<!-- Generated by org.testng.reporters.JUnitReportReporter -->
<testsuite skipped="0" hostname="DESKTOP-MPL4FM9" name="tests.NHSAppTest" tests="1" failures="0" timestamp="24 Jan 2020 16:33:06 GMT" time="10.958" errors="0">
  <testcase name="LaunchBrowser" time="10.958" classname="tests.NHSAppTest"/>
</testsuite> <!-- tests.NHSAppTest -->
