<?xml version="1.0" encoding="UTF-8"?>
<!-- Generated by org.testng.reporters.JUnitReportReporter -->
<testsuite skipped="0" hostname="DESKTOP-MPL4FM9" name="tests.TestCases" tests="6" failures="0" timestamp="24 Jan 2020 16:33:06 GMT" time="0.030" errors="0">
  <testcase name="ClickExercise" time="0.003" classname="tests.TestCases"/>
  <testcase name="ClickandwatchAerobics" time="0.001" classname="tests.TestCases"/>
  <testcase name="ClickAerobics" time="0.010" classname="tests.TestCases"/>
  <testcase name="Clickaerobicworkoutvideos" time="0.009" classname="tests.TestCases"/>
  <testcase name="ClickAerobicexcercise" time="0.003" classname="tests.TestCases"/>
  <testcase name="ClickLiveWell" time="0.004" classname="tests.TestCases"/>
</testsuite> <!-- tests.TestCases -->
